<component name="libraryTable">
  <library name="junit-4.12">
    <CLASSES>
      <root url="jar://D:/jdk-8u211-windows-x64/lib/junit-4.12.jar!/" />
      <root url="jar://D:/jdk-8u211-windows-x64/lib/hamcrest-core-1.3.jar!/" />
    </CLASSES>
    <JAVADOC />
    <SOURCES />
  </library>
</component>